[I 22:57:46.138 NotebookApp] The port 8888 is already in use, trying another port.
[I 22:57:46.278 NotebookApp] JupyterLab alpha preview extension loaded from /home/thibault/anaconda3/lib/python3.6/site-packages/jupyterlab
JupyterLab v0.27.0
Known labextensions:
[I 22:57:46.279 NotebookApp] Running the core application with no additional extensions or settings
[I 22:57:46.282 NotebookApp] Serving notebooks from local directory: /home/thibault/Documents/Logements_vacants/Code
[I 22:57:46.282 NotebookApp] 0 active kernels 
[I 22:57:46.282 NotebookApp] The Jupyter Notebook is running at: http://localhost:8889/?token=68b9c36ca44193699180d3b7a7e11b4a87d6ead4886d08e3
[I 22:57:46.282 NotebookApp] Use Control-C to stop this server and shut down all kernels (twice to skip confirmation).
[C 22:57:46.285 NotebookApp] 
    
    Copy/paste this URL into your browser when you connect for the first time,
    to login with a token:
        http://localhost:8889/?token=68b9c36ca44193699180d3b7a7e11b4a87d6ead4886d08e3
[I 22:57:47.663 NotebookApp] Accepting one-time-token-authenticated connection from 127.0.0.1
[19280:19319:1128/225747.891007:ERROR:browser_gpu_channel_host_factory.cc(108)] Failed to launch GPU process.
Nouvelle fenêtre ouverte dans la session du navigateur
[I 22:57:50.100 NotebookApp] Interrupted...
[I 22:57:50.100 NotebookApp] Shutting down kernels
[I 22:58:37.672 NotebookApp] The port 8888 is already in use, trying another port.
[I 22:58:37.696 NotebookApp] JupyterLab alpha preview extension loaded from /home/thibault/anaconda3/lib/python3.6/site-packages/jupyterlab
JupyterLab v0.27.0
Known labextensions:
[I 22:58:37.697 NotebookApp] Running the core application with no additional extensions or settings
[I 22:58:37.700 NotebookApp] Serving notebooks from local directory: /home/thibault/Documents/Logements_vacants/Code
[I 22:58:37.700 NotebookApp] 0 active kernels 
[I 22:58:37.700 NotebookApp] The Jupyter Notebook is running at: http://localhost:8889/?token=28821b29289571a1a664bd37c91eb944a3b29e604c0cb06d
[I 22:58:37.700 NotebookApp] Use Control-C to stop this server and shut down all kernels (twice to skip confirmation).
[C 22:58:37.702 NotebookApp] 
    
    Copy/paste this URL into your browser when you connect for the first time,
    to login with a token:
        http://localhost:8889/?token=28821b29289571a1a664bd37c91eb944a3b29e604c0cb06d
[I 22:58:38.134 NotebookApp] Accepting one-time-token-authenticated connection from 127.0.0.1
[19436:19475:1128/225838.195965:ERROR:browser_gpu_channel_host_factory.cc(108)] Failed to launch GPU process.
Nouvelle fenêtre ouverte dans la session du navigateur
[I 22:58:41.468 NotebookApp] Kernel started: 5398e9cb-e6aa-4974-bb27-fb62b1ad78b9
[I 22:58:41.920 NotebookApp] Adapting to protocol v5.1 for kernel 5398e9cb-e6aa-4974-bb27-fb62b1ad78b9
[W 22:59:00.896 NotebookApp] IOPub data rate exceeded.
    The notebook server will temporarily stop sending output
    to the client in order to avoid crashing it.
    To change this limit, set the config variable
    `--NotebookApp.iopub_data_rate_limit`.
[I 23:00:21.476 NotebookApp] The port 8888 is already in use, trying another port.
[I 23:00:21.476 NotebookApp] The port 8889 is already in use, trying another port.
[I 23:00:21.499 NotebookApp] JupyterLab alpha preview extension loaded from /home/thibault/anaconda3/lib/python3.6/site-packages/jupyterlab
JupyterLab v0.27.0
Known labextensions:
[I 23:00:21.501 NotebookApp] Running the core application with no additional extensions or settings
[I 23:00:21.503 NotebookApp] Serving notebooks from local directory: /home/thibault/Documents/Logements_vacants/Code
[I 23:00:21.503 NotebookApp] 0 active kernels 
[I 23:00:21.503 NotebookApp] The Jupyter Notebook is running at: http://localhost:8890/?token=305b2810c39315f68e27064495b2cbb03b71de8806b32ded
[I 23:00:21.503 NotebookApp] Use Control-C to stop this server and shut down all kernels (twice to skip confirmation).
[C 23:00:21.505 NotebookApp] 
    
    Copy/paste this URL into your browser when you connect for the first time,
    to login with a token:
        http://localhost:8890/?token=305b2810c39315f68e27064495b2cbb03b71de8806b32ded
[I 23:00:22.002 NotebookApp] Accepting one-time-token-authenticated connection from 127.0.0.1
[19641:19680:1128/230022.083295:ERROR:browser_gpu_channel_host_factory.cc(108)] Failed to launch GPU process.
Nouvelle fenêtre ouverte dans la session du navigateur
[I 23:00:25.360 NotebookApp] Kernel started: 7b1da8d6-6b58-45a7-ab11-c3fb7732f54a
[I 23:00:25.875 NotebookApp] Adapting to protocol v5.1 for kernel 7b1da8d6-6b58-45a7-ab11-c3fb7732f54a
[W 23:00:45.696 NotebookApp] IOPub data rate exceeded.
    The notebook server will temporarily stop sending output
    to the client in order to avoid crashing it.
    To change this limit, set the config variable
    `--NotebookApp.iopub_data_rate_limit`.
[I 23:02:26.189 NotebookApp] Saving file at /Logement_vacants_prototype.ipynb
[I 23:03:44.140 NotebookApp] The port 8888 is already in use, trying another port.
[I 23:03:44.140 NotebookApp] The port 8889 is already in use, trying another port.
[I 23:03:44.140 NotebookApp] The port 8890 is already in use, trying another port.
[I 23:03:44.164 NotebookApp] JupyterLab alpha preview extension loaded from /home/thibault/anaconda3/lib/python3.6/site-packages/jupyterlab
JupyterLab v0.27.0
Known labextensions:
[I 23:03:44.165 NotebookApp] Running the core application with no additional extensions or settings
[I 23:03:44.168 NotebookApp] Serving notebooks from local directory: /home/thibault/Documents/Logements_vacants/Code
[I 23:03:44.168 NotebookApp] 0 active kernels 
[I 23:03:44.168 NotebookApp] The Jupyter Notebook is running at: http://localhost:8891/?token=2505b319028caac9a2cd875d011b4bbeb4a25d8888e9defd
[I 23:03:44.168 NotebookApp] Use Control-C to stop this server and shut down all kernels (twice to skip confirmation).
[C 23:03:44.170 NotebookApp] 
    
    Copy/paste this URL into your browser when you connect for the first time,
    to login with a token:
        http://localhost:8891/?token=2505b319028caac9a2cd875d011b4bbeb4a25d8888e9defd
[I 23:03:44.642 NotebookApp] Accepting one-time-token-authenticated connection from 127.0.0.1
[19883:19922:1128/230344.711748:ERROR:browser_gpu_channel_host_factory.cc(108)] Failed to launch GPU process.
Nouvelle fenêtre ouverte dans la session du navigateur
[I 23:03:48.265 NotebookApp] Kernel started: eda56c60-1bbb-40f2-a16b-df4d9df1a88e
[I 23:03:48.767 NotebookApp] Adapting to protocol v5.1 for kernel eda56c60-1bbb-40f2-a16b-df4d9df1a88e
[I 23:05:50.995 NotebookApp] Saving file at /Logement_vacants_prototype.ipynb
[I 23:12:58.363 NotebookApp] Saving file at /Logement_vacants_prototype.ipynb
[I 23:13:50.040 NotebookApp] Saving file at /Logement_vacants_prototype.ipynb
[I 23:15:32.063 NotebookApp] Saving file at /Logement_vacants_prototype.ipynb
[I 23:15:46.979 NotebookApp] Saving file at /Logement_vacants_prototype.ipynb
[I 23:15:50.814 NotebookApp] Saving file at /Logement_vacants_prototype.ipynb
[I 23:15:55.321 NotebookApp] Saving file at /Logement_vacants_prototype.ipynb
[I 23:17:24.135 NotebookApp] Saving file at /Logement_vacants_prototype.ipynb
[I 23:17:38.268 NotebookApp] The port 8888 is already in use, trying another port.
[I 23:17:38.269 NotebookApp] The port 8889 is already in use, trying another port.
[I 23:17:38.269 NotebookApp] The port 8890 is already in use, trying another port.
[I 23:17:38.270 NotebookApp] The port 8891 is already in use, trying another port.
[I 23:17:38.308 NotebookApp] JupyterLab alpha preview extension loaded from /home/thibault/anaconda3/lib/python3.6/site-packages/jupyterlab
JupyterLab v0.27.0
Known labextensions:
[I 23:17:38.309 NotebookApp] Running the core application with no additional extensions or settings
[I 23:17:38.320 NotebookApp] Serving notebooks from local directory: /home/thibault/Documents/Logements_vacants/Code
[I 23:17:38.320 NotebookApp] 0 active kernels 
[I 23:17:38.320 NotebookApp] The Jupyter Notebook is running at: http://localhost:8892/?token=e3bdb0b34131cc06803d1866ccf440defa5664ba897898e3
[I 23:17:38.320 NotebookApp] Use Control-C to stop this server and shut down all kernels (twice to skip confirmation).
[C 23:17:38.323 NotebookApp] 
    
    Copy/paste this URL into your browser when you connect for the first time,
    to login with a token:
        http://localhost:8892/?token=e3bdb0b34131cc06803d1866ccf440defa5664ba897898e3
[I 23:17:40.975 NotebookApp] Accepting one-time-token-authenticated connection from 127.0.0.1
[20500:20544:1128/231741.004942:ERROR:browser_gpu_channel_host_factory.cc(108)] Failed to launch GPU process.
[I 23:17:41.034 NotebookApp] The port 8888 is already in use, trying another port.
[I 23:17:41.034 NotebookApp] The port 8889 is already in use, trying another port.
[I 23:17:41.035 NotebookApp] The port 8890 is already in use, trying another port.
[I 23:17:41.035 NotebookApp] The port 8891 is already in use, trying another port.
[I 23:17:41.035 NotebookApp] The port 8892 is already in use, trying another port.
[I 23:17:41.062 NotebookApp] JupyterLab alpha preview extension loaded from /home/thibault/anaconda3/lib/python3.6/site-packages/jupyterlab
JupyterLab v0.27.0
Known labextensions:
[I 23:17:41.064 NotebookApp] Running the core application with no additional extensions or settings
[I 23:17:41.067 NotebookApp] Serving notebooks from local directory: /home/thibault/Documents/Logements_vacants/Code
[I 23:17:41.067 NotebookApp] 0 active kernels 
[I 23:17:41.067 NotebookApp] The Jupyter Notebook is running at: http://localhost:8955/?token=bbe57df81e17abdb4996e3c447792e9f3593ae1b5f223bfd
[I 23:17:41.067 NotebookApp] Use Control-C to stop this server and shut down all kernels (twice to skip confirmation).
[C 23:17:41.070 NotebookApp] 
    
    Copy/paste this URL into your browser when you connect for the first time,
    to login with a token:
        http://localhost:8955/?token=bbe57df81e17abdb4996e3c447792e9f3593ae1b5f223bfd
Nouvelle fenêtre ouverte dans la session du navigateur
[I 23:17:41.748 NotebookApp] Accepting one-time-token-authenticated connection from 127.0.0.1
[20599:20642:1128/231741.767158:ERROR:browser_gpu_channel_host_factory.cc(108)] Failed to launch GPU process.
Nouvelle fenêtre ouverte dans la session du navigateur
[I 23:17:48.593 NotebookApp] Kernel started: 788d85c2-e4eb-4d99-8d9d-c047ecb3878a
[I 23:17:50.437 NotebookApp] Adapting to protocol v5.1 for kernel 788d85c2-e4eb-4d99-8d9d-c047ecb3878a
[I 23:19:36.580 NotebookApp] Saving file at /Logement_vacants_prototype.ipynb
[I 23:19:40.716 NotebookApp] Saving file at /Logement_vacants_prototype.ipynb
[I 08:14:57.347 NotebookApp] Saving file at /Logement_vacants_prototype.ipynb
[I 08:15:49.409 NotebookApp] Saving file at /Logement_vacants_prototype.ipynb
[I 08:16:12.317 NotebookApp] Saving file at /Logement_vacants_prototype.ipynb
[I 08:17:50.159 NotebookApp] Saving file at /Logement_vacants_prototype.ipynb
[I 08:19:50.307 NotebookApp] Saving file at /Logement_vacants_prototype.ipynb
[I 08:20:02.013 NotebookApp] Saving file at /Logement_vacants_prototype.ipynb
[I 08:20:25.696 NotebookApp] Saving file at /Logement_vacants_prototype.ipynb
[I 08:21:49.691 NotebookApp] Saving file at /Logement_vacants_prototype.ipynb
[I 08:24:05.929 NotebookApp] Saving file at /Logement_vacants_prototype.ipynb
[I 08:24:55.311 NotebookApp] Saving file at /Logement_vacants_prototype.ipynb
[I 08:25:50.069 NotebookApp] Saving file at /Logement_vacants_prototype.ipynb
[I 08:26:23.571 NotebookApp] Saving file at /Logement_vacants_prototype.ipynb
[I 08:27:49.467 NotebookApp] Saving file at /Logement_vacants_prototype.ipynb
[I 08:27:58.600 NotebookApp] Saving file at /Logement_vacants_prototype.ipynb
[I 08:28:04.117 NotebookApp] Saving file at /Logement_vacants_prototype.ipynb
[I 08:29:50.038 NotebookApp] Saving file at /Logement_vacants_prototype.ipynb
[I 08:31:51.127 NotebookApp] Saving file at /Logement_vacants_prototype.ipynb
